<?xml version="1.0" encoding="UTF-8"?>
<testsuite xmlns:xsi="http://www.w3.org/2001/XMLSchema-instance" xsi:noNamespaceSchemaLocation="https://maven.apache.org/surefire/maven-surefire-plugin/xsd/surefire-test-report.xsd" name="com.epam.TestDrivenDevelopment.AppTest" time="0.165" tests="4" errors="0" skipped="0" failures="0">
  <properties>
[...]
</properties>
  <testcase name="testTwo" classname="com.epam.TestDrivenDevelopment.AppTest" time="0.112"/>
  <testcase name="testChar" classname="com.epam.TestDrivenDevelopment.AppTest" time="0.002"/>
  <testcase name="testNull" classname="com.epam.TestDrivenDevelopment.AppTest" time="0.004"/>
  <testcase name="testN" classname="com.epam.TestDrivenDevelopment.AppTest" time="0.002"/>
</testsuite>